#
# A fatal error has been detected by the Java Runtime Environment:
#
#  Internal Error (javaClasses.cpp:129), pid=4248, tid=3060398912
#  fatal error: Invalid layout of preloaded class
#
# JRE version: 7.0_09-b30
# Java VM: OpenJDK Server VM (23.2-b09 mixed mode linux-x86 )
# Failed to write core dump. Core dumps have been disabled. To enable core dumping, try "ulimit -c unlimited" before starting Java again
#
# If you would like to submit a bug report, please include
# instructions on how to reproduce the bug and visit:
#   https://bugs.launchpad.net/ubuntu/+source/openjdk-7/
#

---------------  T H R E A D  ---------------

Current thread (0xb6506800):  JavaThread "Unknown thread" [_thread_in_vm, id=4254, stack(0xb664f000,0xb66a0000)]

Stack: [0xb664f000,0xb66a0000]
[error occurred during error reporting (printing stack bounds), id 0xb]


[error occurred during error reporting (printing native stack), id 0xb]


---------------  P R O C E S S  ---------------

Java Threads: ( => current thread )

Other Threads:

=>0xb6506800 (exited) JavaThread "Unknown thread" [_thread_in_vm, id=4254, stack(0xb664f000,0xb66a0000)]

VM state:not at safepoint (not fully initialized)

VM Mutex/Monitor currently owned by a thread: None

GC Heap History (0 events):
No events

Deoptimization events (0 events):
No events

Internal exceptions (0 events):
No events

Events (10 events):
Event: 0.065 loading class 0xb6531838 done
Event: 0.066 loading class 0xb6531178 done
Event: 0.066 loading class 0xb6531150
Event: 0.067 loading class 0xb6564f50
Event: 0.067 loading class 0xb6564f50 done
Event: 0.067 loading class 0xb6564f88
Event: 0.068 loading class 0xb6564f88 done
Event: 0.068 loading class 0xb6564fc0
Event: 0.068 loading class 0xb6564fc0 done
Event: 0.068 loading class 0xb6531150 done


Dynamic libraries:
08048000-08049000 r-xp 00000000 fc:00 1342393    /usr/lib/jvm/java-7-openjdk-i386/jre/bin/java
08049000-0804a000 r--p 00000000 fc:00 1342393    /usr/lib/jvm/java-7-openjdk-i386/jre/bin/java
0804a000-0804b000 rw-p 00001000 fc:00 1342393    /usr/lib/jvm/java-7-openjdk-i386/jre/bin/java
08d09000-08d2a000 rw-p 00000000 00:00 0          [heap]
8934a000-893c0000 r--s 00902000 fc:00 558658     /home/tomw/Development/android-sdk-linux/platforms/android-10/android.jar
893c0000-8ae00000 rw-p 00000000 00:00 0 
8ae00000-8ae21000 rw-p 00000000 00:00 0 
8ae21000-8af00000 ---p 00000000 00:00 0 
8af7f000-8af80000 ---p 00000000 00:00 0 
8af80000-8b000000 rw-p 00000000 00:00 0          [stack:4256]
8b000000-8b021000 rw-p 00000000 00:00 0 
8b021000-8b100000 ---p 00000000 00:00 0 
8b153000-8b154000 ---p 00000000 00:00 0 
8b154000-8b1dc000 rw-p 00000000 00:00 0          [stack:4255]
8b1dc000-8b214000 rw-p 00000000 00:00 0 
8b214000-8b21f000 rw-p 00000000 00:00 0 
8b21f000-8b2bf000 rw-p 00000000 00:00 0 
8b2bf000-8b2c7000 rw-p 00000000 00:00 0 
8b2c7000-8b2ff000 rw-p 00000000 00:00 0 
8b2ff000-8b30a000 rw-p 00000000 00:00 0 
8b30a000-8b3a9000 rw-p 00000000 00:00 0 
8b3a9000-8b3af000 rw-p 00000000 00:00 0 
8b3af000-8b3ff000 rw-p 00000000 00:00 0 
8b3ff000-8c400000 rw-p 00000000 00:00 0 
8c400000-93400000 rw-p 00000000 00:00 0 
93400000-948a0000 rw-p 00000000 00:00 0 
948a0000-a8960000 rw-p 00000000 00:00 0 
a8960000-a93b0000 rw-p 00000000 00:00 0 
a93b0000-b3400000 rw-p 00000000 00:00 0 
b3404000-b340d000 rw-p 00000000 00:00 0 
b340d000-b34c4000 rw-p 00000000 00:00 0 
b34c4000-b3704000 rwxp 00000000 00:00 0 
b3704000-b64c4000 rw-p 00000000 00:00 0 
b64c4000-b64cf000 r-xp 00000000 fc:00 1569817    /lib/i386-linux-gnu/libnss_files-2.15.so
b64cf000-b64d0000 r--p 0000a000 fc:00 1569817    /lib/i386-linux-gnu/libnss_files-2.15.so
b64d0000-b64d1000 rw-p 0000b000 fc:00 1569817    /lib/i386-linux-gnu/libnss_files-2.15.so
b64d1000-b64db000 r-xp 00000000 fc:00 1569821    /lib/i386-linux-gnu/libnss_nis-2.15.so
b64db000-b64dc000 r--p 00009000 fc:00 1569821    /lib/i386-linux-gnu/libnss_nis-2.15.so
b64dc000-b64dd000 rw-p 0000a000 fc:00 1569821    /lib/i386-linux-gnu/libnss_nis-2.15.so
b64dd000-b64f3000 r-xp 00000000 fc:00 1569833    /lib/i386-linux-gnu/libnsl-2.15.so
b64f3000-b64f4000 r--p 00015000 fc:00 1569833    /lib/i386-linux-gnu/libnsl-2.15.so
b64f4000-b64f5000 rw-p 00016000 fc:00 1569833    /lib/i386-linux-gnu/libnsl-2.15.so
b64f5000-b64f7000 rw-p 00000000 00:00 0 
b64f7000-b64fe000 r-xp 00000000 fc:00 1569811    /lib/i386-linux-gnu/libnss_compat-2.15.so
b64fe000-b64ff000 r--p 00006000 fc:00 1569811    /lib/i386-linux-gnu/libnss_compat-2.15.so
b64ff000-b6500000 rw-p 00007000 fc:00 1569811    /lib/i386-linux-gnu/libnss_compat-2.15.so
b6500000-b656f000 rw-p 00000000 00:00 0 
b656f000-b6600000 ---p 00000000 00:00 0 
b660b000-b6613000 r-xp 00000000 fc:00 1342421    /usr/lib/jvm/java-7-openjdk-i386/jre/lib/i386/libzip.so
b6613000-b6614000 r--p 00007000 fc:00 1342421    /usr/lib/jvm/java-7-openjdk-i386/jre/lib/i386/libzip.so
b6614000-b6615000 rw-p 00008000 fc:00 1342421    /usr/lib/jvm/java-7-openjdk-i386/jre/lib/i386/libzip.so
b6615000-b661d000 rw-s 00000000 fc:00 1444494    /tmp/hsperfdata_tomw/4248
b661d000-b6644000 r-xp 00000000 fc:00 1342405    /usr/lib/jvm/java-7-openjdk-i386/jre/lib/i386/libjava.so
b6644000-b6645000 r--p 00026000 fc:00 1342405    /usr/lib/jvm/java-7-openjdk-i386/jre/lib/i386/libjava.so
b6645000-b6646000 rw-p 00027000 fc:00 1342405    /usr/lib/jvm/java-7-openjdk-i386/jre/lib/i386/libjava.so
b6646000-b664d000 r-xp 00000000 fc:00 1569820    /lib/i386-linux-gnu/librt-2.15.so
b664d000-b664e000 r--p 00006000 fc:00 1569820    /lib/i386-linux-gnu/librt-2.15.so
b664e000-b664f000 rw-p 00007000 fc:00 1569820    /lib/i386-linux-gnu/librt-2.15.so
b664f000-b6652000 ---p 00000000 00:00 0 
b6652000-b66a0000 rw-p 00000000 00:00 0          [stack:4254]
b66a0000-b66bc000 r-xp 00000000 fc:00 1569848    /lib/i386-linux-gnu/libgcc_s.so.1
b66bc000-b66bd000 r--p 0001b000 fc:00 1569848    /lib/i386-linux-gnu/libgcc_s.so.1
b66bd000-b66be000 rw-p 0001c000 fc:00 1569848    /lib/i386-linux-gnu/libgcc_s.so.1
b66be000-b66e8000 r-xp 00000000 fc:00 1569824    /lib/i386-linux-gnu/libm-2.15.so
b66e8000-b66e9000 r--p 00029000 fc:00 1569824    /lib/i386-linux-gnu/libm-2.15.so
b66e9000-b66ea000 rw-p 0002a000 fc:00 1569824    /lib/i386-linux-gnu/libm-2.15.so
b66ea000-b67c6000 r-xp 00000000 fc:00 1313212    /usr/lib/i386-linux-gnu/libstdc++.so.6.0.17
b67c6000-b67c7000 ---p 000dc000 fc:00 1313212    /usr/lib/i386-linux-gnu/libstdc++.so.6.0.17
b67c7000-b67cb000 r--p 000dc000 fc:00 1313212    /usr/lib/i386-linux-gnu/libstdc++.so.6.0.17
b67cb000-b67cc000 rw-p 000e0000 fc:00 1313212    /usr/lib/i386-linux-gnu/libstdc++.so.6.0.17
b67cc000-b67d3000 rw-p 00000000 00:00 0 
b67d3000-b70c5000 r-xp 00000000 fc:00 1342430    /usr/lib/jvm/java-7-openjdk-i386/jre/lib/i386/server/libjvm.so
b70c5000-b710c000 r--p 008f1000 fc:00 1342430    /usr/lib/jvm/java-7-openjdk-i386/jre/lib/i386/server/libjvm.so
b710c000-b7120000 rw-p 00938000 fc:00 1342430    /usr/lib/jvm/java-7-openjdk-i386/jre/lib/i386/server/libjvm.so
b7120000-b753e000 rw-p 00000000 00:00 0 
b753e000-b7555000 r-xp 00000000 fc:00 1570027    /lib/i386-linux-gnu/libz.so.1.2.7
b7555000-b7556000 r--p 00016000 fc:00 1570027    /lib/i386-linux-gnu/libz.so.1.2.7
b7556000-b7557000 rw-p 00017000 fc:00 1570027    /lib/i386-linux-gnu/libz.so.1.2.7
b7557000-b756e000 r-xp 00000000 fc:00 1569822    /lib/i386-linux-gnu/libpthread-2.15.so
b756e000-b756f000 r--p 00016000 fc:00 1569822    /lib/i386-linux-gnu/libpthread-2.15.so
b756f000-b7570000 rw-p 00017000 fc:00 1569822    /lib/i386-linux-gnu/libpthread-2.15.so
b7570000-b7572000 rw-p 00000000 00:00 0 
b7572000-b7575000 r-xp 00000000 fc:00 1569828    /lib/i386-linux-gnu/libdl-2.15.so
b7575000-b7576000 r--p 00002000 fc:00 1569828    /lib/i386-linux-gnu/libdl-2.15.so
b7576000-b7577000 rw-p 00003000 fc:00 1569828    /lib/i386-linux-gnu/libdl-2.15.so
b7577000-b771a000 r-xp 00000000 fc:00 1569809    /lib/i386-linux-gnu/libc-2.15.so
b771a000-b771b000 ---p 001a3000 fc:00 1569809    /lib/i386-linux-gnu/libc-2.15.so
b771b000-b771d000 r--p 001a3000 fc:00 1569809    /lib/i386-linux-gnu/libc-2.15.so
b771d000-b771e000 rw-p 001a5000 fc:00 1569809    /lib/i386-linux-gnu/libc-2.15.so
b771e000-b7721000 rw-p 00000000 00:00 0 
b7725000-b7726000 rw-p 00000000 00:00 0 
b7726000-b7727000 r--p 00000000 00:00 0 
b7727000-b7734000 r-xp 00000000 fc:00 1342420    /usr/lib/jvm/java-7-openjdk-i386/jre/lib/i386/libverify.so
b7734000-b7735000 ---p 0000d000 fc:00 1342420    /usr/lib/jvm/java-7-openjdk-i386/jre/lib/i386/libverify.so
b7735000-b7736000 r--p 0000d000 fc:00 1342420    /usr/lib/jvm/java-7-openjdk-i386/jre/lib/i386/libverify.so
b7736000-b7737000 rw-p 0000e000 fc:00 1342420    /usr/lib/jvm/java-7-openjdk-i386/jre/lib/i386/libverify.so
b7737000-b7744000 r-xp 00000000 fc:00 1342408    /usr/lib/jvm/java-7-openjdk-i386/jre/lib/i386/jli/libjli.so
b7744000-b7745000 r--p 0000c000 fc:00 1342408    /usr/lib/jvm/java-7-openjdk-i386/jre/lib/i386/jli/libjli.so
b7745000-b7746000 rw-p 0000d000 fc:00 1342408    /usr/lib/jvm/java-7-openjdk-i386/jre/lib/i386/jli/libjli.so
b7746000-b7749000 rw-p 00000000 00:00 0 
b7749000-b774a000 r-xp 00000000 00:00 0          [vdso]
b774a000-b776a000 r-xp 00000000 fc:00 1569825    /lib/i386-linux-gnu/ld-2.15.so
b776a000-b776b000 r--p 0001f000 fc:00 1569825    /lib/i386-linux-gnu/ld-2.15.so
b776b000-b776c000 rw-p 00020000 fc:00 1569825    /lib/i386-linux-gnu/ld-2.15.so
bfa80000-bfaa1000 rw-p 00000000 00:00 0          [stack]

VM Arguments:
jvm_args: -Dfile.encoding=UTF-8 -Xbootclasspath:/home/tomw/Development/android-sdk-linux/platforms/android-10/android.jar 
java_command: org.muveo.android.googlURLShortener.TestHarness
Launcher Type: SUN_STANDARD

Environment Variables:
PATH=/usr/lib/lightdm/lightdm:/usr/local/sbin:/usr/local/bin:/usr/sbin:/usr/bin:/sbin:/bin:/usr/games:/usr/local/games
LD_LIBRARY_PATH=/usr/lib/jvm/java-7-openjdk-i386/jre/lib/i386/server:/usr/lib/jvm/java-7-openjdk-i386/jre/lib/i386:/usr/lib/jvm/java-7-openjdk-i386/jre/../lib/i386:/usr/lib/jvm/java-7-openjdk-i386/jre/lib/i386/client:/usr/lib/jvm/java-7-openjdk-i386/jre/lib/i386:
SHELL=/bin/bash
DISPLAY=:0

Signal Handlers:
SIGSEGV: [libjvm.so+0x756f80], sa_mask[0]=0x7ffbfeff, sa_flags=0x10000004
SIGBUS: [libjvm.so+0x756f80], sa_mask[0]=0x7ffbfeff, sa_flags=0x10000004
SIGFPE: [libjvm.so+0x5f3cd0], sa_mask[0]=0x7ffbfeff, sa_flags=0x10000004
SIGPIPE: [libjvm.so+0x5f3cd0], sa_mask[0]=0x7ffbfeff, sa_flags=0x10000004
SIGXFSZ: [libjvm.so+0x5f3cd0], sa_mask[0]=0x7ffbfeff, sa_flags=0x10000004
SIGILL: [libjvm.so+0x5f3cd0], sa_mask[0]=0x7ffbfeff, sa_flags=0x10000004
SIGUSR1: SIG_DFL, sa_mask[0]=0x00000000, sa_flags=0x00000000
SIGUSR2: [libjvm.so+0x5f3b80], sa_mask[0]=0x00000004, sa_flags=0x10000004
SIGHUP: SIG_DFL, sa_mask[0]=0x00000000, sa_flags=0x00000000
SIGINT: SIG_DFL, sa_mask[0]=0x00000000, sa_flags=0x00000000
SIGTERM: SIG_DFL, sa_mask[0]=0x00000000, sa_flags=0x00000000
SIGQUIT: SIG_DFL, sa_mask[0]=0x00000000, sa_flags=0x00000000


---------------  S Y S T E M  ---------------

OS:Ubuntu 12.10 (quantal)
uname:Linux 3.5.0-21-generic #32-Ubuntu SMP Tue Dec 11 18:52:46 UTC 2012 i686
libc:glibc 2.15 NPTL 2.15 
rlimit: STACK 8192k, CORE 0k, NPROC 15682, NOFILE 4096, AS infinity
load average:0.51 0.44 0.41

/proc/meminfo:
MemTotal:        2023484 kB
MemFree:          132680 kB
Buffers:            5216 kB
Cached:           282764 kB
SwapCached:        61008 kB
Active:           871216 kB
Inactive:         902388 kB
Active(anon):     825280 kB
Inactive(anon):   840120 kB
Active(file):      45936 kB
Inactive(file):    62268 kB
Unevictable:       31240 kB
Mlocked:           31240 kB
HighTotal:       1141448 kB
HighFree:          18720 kB
LowTotal:         882036 kB
LowFree:          113960 kB
SwapTotal:       2052092 kB
SwapFree:        1227936 kB
Dirty:               184 kB
Writeback:             0 kB
AnonPages:       1486692 kB
Mapped:            72824 kB
Shmem:            173684 kB
Slab:              41108 kB
SReclaimable:      17224 kB
SUnreclaim:        23884 kB
KernelStack:        4664 kB
PageTables:        21488 kB
NFS_Unstable:          0 kB
Bounce:                0 kB
WritebackTmp:          0 kB
CommitLimit:     3063832 kB
Committed_AS:    6459052 kB
VmallocTotal:     122880 kB
VmallocUsed:       12516 kB
VmallocChunk:      57332 kB
HardwareCorrupted:     0 kB
AnonHugePages:         0 kB
HugePages_Total:       0
HugePages_Free:        0
HugePages_Rsvd:        0
HugePages_Surp:        0
Hugepagesize:       2048 kB
DirectMap4k:       10232 kB
DirectMap2M:      903168 kB


CPU:total 2 (2 cores per cpu, 1 threads per core) family 6 model 15 stepping 11, cmov, cx8, fxsr, mmx, sse, sse2, sse3, ssse3, tsc

/proc/cpuinfo:
processor	: 0
vendor_id	: GenuineIntel
cpu family	: 6
model		: 15
model name	: Intel(R) Core(TM)2 Duo CPU     T7300  @ 2.00GHz
stepping	: 11
microcode	: 0xb6
cpu MHz		: 2000.000
cache size	: 4096 KB
physical id	: 0
siblings	: 2
core id		: 0
cpu cores	: 2
apicid		: 0
initial apicid	: 0
fdiv_bug	: no
hlt_bug		: no
f00f_bug	: no
coma_bug	: no
fpu		: yes
fpu_exception	: yes
cpuid level	: 10
wp		: yes
flags		: fpu vme de pse tsc msr pae mce cx8 apic sep mtrr pge mca cmov pat pse36 clflush dts acpi mmx fxsr sse sse2 ss ht tm pbe nx lm constant_tsc arch_perfmon pebs bts aperfmperf pni dtes64 monitor ds_cpl vmx est tm2 ssse3 cx16 xtpr pdcm lahf_lm ida dtherm tpr_shadow vnmi flexpriority
bogomips	: 3989.97
clflush size	: 64
cache_alignment	: 64
address sizes	: 36 bits physical, 48 bits virtual
power management:

processor	: 1
vendor_id	: GenuineIntel
cpu family	: 6
model		: 15
model name	: Intel(R) Core(TM)2 Duo CPU     T7300  @ 2.00GHz
stepping	: 11
microcode	: 0xb6
cpu MHz		: 2001.000
cache size	: 4096 KB
physical id	: 0
siblings	: 2
core id		: 1
cpu cores	: 2
apicid		: 1
initial apicid	: 1
fdiv_bug	: no
hlt_bug		: no
f00f_bug	: no
coma_bug	: no
fpu		: yes
fpu_exception	: yes
cpuid level	: 10
wp		: yes
flags		: fpu vme de pse tsc msr pae mce cx8 apic sep mtrr pge mca cmov pat pse36 clflush dts acpi mmx fxsr sse sse2 ss ht tm pbe nx lm constant_tsc arch_perfmon pebs bts aperfmperf pni dtes64 monitor ds_cpl vmx est tm2 ssse3 cx16 xtpr pdcm lahf_lm ida dtherm tpr_shadow vnmi flexpriority
bogomips	: 3989.97
clflush size	: 64
cache_alignment	: 64
address sizes	: 36 bits physical, 48 bits virtual
power management:



Memory: 4k page, physical 2023484k(132680k free), swap 2052092k(1227936k free)

vm_info: OpenJDK Server VM (23.2-b09) for linux-x86 JRE (1.7.0_09-b30), built on Oct 24 2012 18:03:08 by "buildd" with gcc 4.7.2

time: Sat Jan  5 23:31:38 2013
elapsed time: 0 seconds

